生成启动时间为 2016/3/9 23:20:04。
     1>项目“c:\Users\LENOVO\documents\visual studio 2010\Projects\123\123\123.vcxproj”在节点 2 上(build 个目标)。
     1>InitializeBuildStatus:
         正在对“Debug\123.unsuccessfulbuild”执行 Touch 任务。
       ClCompile:
         f:\c语言程序安装包\VC\bin\CL.exe /c /ZI /nologo /W3 /WX- /Od /Oy- /D _MBCS /Gm /EHsc /RTC1 /MDd /GS /fp:precise /Zc:wchar_t /Zc:forScope /Fo"Debug\\" /Fd"Debug\vc100.pdb" /Gd /TP /analyze- /errorReport:prompt ....cpp
         ....cpp
     1>c:\users\lenovo\documents\visual studio 2010\projects\123\123\....cpp(315): warning C4018: “<”: 有符号/无符号不匹配
     1>c:\users\lenovo\documents\visual studio 2010\projects\123\123\....cpp(303): warning C4715: “MyCalculate::GetPriOfOper”: 不是所有的控件路径都返回值
       Link:
         f:\c语言程序安装包\VC\bin\link.exe /ERRORREPORT:PROMPT /OUT:"c:\users\lenovo\documents\visual studio 2010\Projects\123\Debug\123.exe" /NOLOGO kernel32.lib user32.lib gdi32.lib winspool.lib comdlg32.lib advapi32.lib shell32.lib ole32.lib oleaut32.lib uuid.lib odbc32.lib odbccp32.lib /MANIFEST /ManifestFile:"Debug\123.exe.intermediate.manifest" /MANIFESTUAC:"level='asInvoker' uiAccess='false'" /DEBUG /PDB:"c:\users\lenovo\documents\visual studio 2010\Projects\123\Debug\123.pdb" /TLBID:1 /DYNAMICBASE /NXCOMPAT /IMPLIB:"c:\users\lenovo\documents\visual studio 2010\Projects\123\Debug\123.lib" /MACHINE:X86 Debug\....obj
         LINK : 没有找到 c:\users\lenovo\documents\visual studio 2010\Projects\123\Debug\123.exe 或上一个增量链接没有生成它；正在执行完全链接
         123.vcxproj -> c:\users\lenovo\documents\visual studio 2010\Projects\123\Debug\123.exe
       Manifest:
         C:\Program Files (x86)\Microsoft SDKs\Windows\v7.0A\bin\mt.exe /nologo /verbose /outputresource:"c:\users\lenovo\documents\visual studio 2010\Projects\123\Debug\123.exe;#1" /manifest Debug\123.exe.intermediate.manifest
       FinalizeBuildStatus:
         正在删除文件“Debug\123.unsuccessfulbuild”。
         正在对“Debug\123.lastbuildstate”执行 Touch 任务。
     1>已完成生成项目“c:\Users\LENOVO\documents\visual studio 2010\Projects\123\123\123.vcxproj”(build 个目标)的操作。

生成成功。

已用时间 00:00:01.26
